
Gurobi 7.5.2 (win64, Python) logging started 04/11/18 19:40:58

Academic license - for non-commercial use only
Optimize a model with 3271576 rows, 3269768 columns and 9807496 nonzeros
Variable types: 0 continuous, 3269768 integer (0 binary)
Coefficient statistics:
  Matrix range     [1e+00, 1e+07]
  Objective range  [5e-02, 9e+08]
  Bounds range     [1e+00, 1e+00]
  RHS range        [1e+00, 1e+07]
Presolve removed 3268864 rows and 1634432 columns (presolve time = 9s) ...
Presolve removed 3268864 rows and 1634432 columns (presolve time = 10s) ...
Presolve removed 3268864 rows and 1634432 columns (presolve time = 15s) ...
Presolve removed 3268864 rows and 1634432 columns (presolve time = 20s) ...
Presolve removed 3268864 rows and 1634432 columns (presolve time = 26s) ...
Presolve removed 3268864 rows and 1634432 columns (presolve time = 30s) ...
Presolve removed 3268864 rows and 1634432 columns
Presolve time: 30.25s
Presolved: 2712 rows, 1635336 columns, 3269768 nonzeros
Variable types: 0 continuous, 1635336 integer (1635336 binary)
Found heuristic solution: objective 2.106730e+10
Found heuristic solution: objective 4.635704e+09
Found heuristic solution: objective 3.147503e+09

Root simplex log...

Iteration    Objective       Primal Inf.    Dual Inf.      Time
       0    0.0000000e+00   1.808000e+03   0.000000e+00     42s

Starting sifting (using dual simplex for sub-problems)...

    Iter     Pivots    Primal Obj      Dual Obj        Time
       0          0     infinity      0.0000000e+00     42s
       1       5875   1.6293007e+13   2.4243148e+07     43s
       2       8783   1.3129934e+13   2.4243149e+07     43s
       3      12510   5.3439064e+12   2.4243149e+07     43s
       4      17439   9.7327767e+11   2.4243149e+07     43s
       5      21485   2.4267587e+07   2.4243149e+07     44s
       6      24257   2.4243240e+07   2.4243149e+07     44s
       7      26967   2.4243161e+07   2.4243149e+07     44s

Sifting complete

   29685    2.4243148e+07   0.000000e+00   0.000000e+00     44s

Root relaxation: objective 2.424315e+07, 29685 iterations, 2.51 seconds
Total elapsed time = 52.86s
Total elapsed time = 57.30s

    Nodes    |    Current Node    |     Objective Bounds      |     Work
 Expl Unexpl |  Obj  Depth IntInf | Incumbent    BestBd   Gap | It/Node Time

     0     0 2.4243e+07    0  869 3.1475e+09 2.4243e+07  99.2%     -   57s
H    0     0                    3.854240e+08 2.4243e+07  93.7%     -  120s
     0     0 3.5709e+07    0 2080 3.8542e+08 3.5709e+07  90.7%     -  130s
     0     0 4.7425e+07    0 1903 3.8542e+08 4.7425e+07  87.7%     -  146s
     0     0 6.1279e+07    0 2536 3.8542e+08 6.1279e+07  84.1%     -  155s
     0     0 6.1360e+07    0 2593 3.8542e+08 6.1360e+07  84.1%     -  170s
     0     0 6.1361e+07    0 2600 3.8542e+08 6.1361e+07  84.1%     -  172s
     0     0 7.3340e+07    0 3172 3.8542e+08 7.3340e+07  81.0%     -  184s
     0     0 7.3349e+07    0 3198 3.8542e+08 7.3349e+07  81.0%     -  203s
     0     0 8.0262e+07    0 3995 3.8542e+08 8.0262e+07  79.2%     -  220s
     0     0 8.0304e+07    0 4021 3.8542e+08 8.0304e+07  79.2%     -  231s
     0     0 8.7516e+07    0 4403 3.8542e+08 8.7516e+07  77.3%     -  260s
     0     0 9.0800e+07    0 4132 3.8542e+08 9.0800e+07  76.4%     -  284s
     0     0 9.0826e+07    0 4235 3.8542e+08 9.0826e+07  76.4%     -  288s
     0     0 9.8046e+07    0 4945 3.8542e+08 9.8046e+07  74.6%     -  316s
     0     0 9.9353e+07    0 4899 3.8542e+08 9.9353e+07  74.2%     -  340s
     0     0 9.9365e+07    0 4915 3.8542e+08 9.9365e+07  74.2%     -  344s
     0     0 1.0597e+08    0 5371 3.8542e+08 1.0597e+08  72.5%     -  385s
     0     0 1.0709e+08    0 5334 3.8542e+08 1.0709e+08  72.2%     -  448s
     0     0 1.0710e+08    0 5445 3.8542e+08 1.0710e+08  72.2%     -  453s
     0     0 1.1241e+08    0 5991 3.8542e+08 1.1241e+08  70.8%     -  502s
     0     0 1.1347e+08    0 6023 3.8542e+08 1.1347e+08  70.6%     -  550s
     0     0 1.1348e+08    0 6154 3.8542e+08 1.1348e+08  70.6%     -  555s
     0     0 1.1829e+08    0 6452 3.8542e+08 1.1829e+08  69.3%     -  637s
     0     0 1.1917e+08    0 6609 3.8542e+08 1.1917e+08  69.1%     -  733s
     0     0 1.1918e+08    0 6679 3.8542e+08 1.1918e+08  69.1%     -  739s
     0     0 1.2365e+08    0 7371 3.8542e+08 1.2365e+08  67.9%     -  818s
     0     0 1.2468e+08    0 7441 3.8542e+08 1.2468e+08  67.7%     -  895s
     0     0 1.2470e+08    0 7671 3.8542e+08 1.2470e+08  67.6%     -  904s
     0     0 1.2939e+08    0 7987 3.8542e+08 1.2939e+08  66.4%     -  991s
     0     0 1.3000e+08    0 8205 3.8542e+08 1.3000e+08  66.3%     - 1062s
     0     0 1.3003e+08    0 8408 3.8542e+08 1.3003e+08  66.3%     - 1073s
     0     0 1.3302e+08    0 9126 3.8542e+08 1.3302e+08  65.5%     - 1196s
     0     0 1.3302e+08    0 9126 3.8542e+08 1.3302e+08  65.5%     - 1363s
     0     2 1.3302e+08    0 9126 3.8542e+08 1.3302e+08  65.5%     - 1543s
     1     4 1.3317e+08    1 9068 3.8542e+08 1.3317e+08  65.4%  78.0 1605s
     3     8 1.3490e+08    2 8644 3.8542e+08 1.3335e+08  65.4%  2508 1818s
     7    12 1.3528e+08    3 8606 3.8542e+08 1.3491e+08  65.0%  2193 1886s
    11    16 1.4243e+08    3 7616 3.8542e+08 1.3528e+08  64.9%  1742 1952s
    15    17 1.3528e+08    4 8612 3.8542e+08 1.3528e+08  64.9%  1297 1958s
    19    19 1.3543e+08    5 8570 3.8542e+08 1.3533e+08  64.9%  1041 1966s
    23    25 1.3550e+08    6 8564 3.8542e+08 1.3533e+08  64.9%   870 1990s
    29    30 1.3557e+08    7 8552 3.8542e+08 1.3533e+08  64.9%   763 2140s
    33    33 1.3596e+08    8 8568 3.8542e+08 1.3533e+08  64.9%   717 2197s
    40    43 1.3607e+08    9 8424 3.8542e+08 1.3533e+08  64.9%   614 2231s
    46    45 1.3640e+08   10 8298 3.8542e+08 1.3533e+08  64.9%   666 2306s
    55    56 1.3659e+08   11 8302 3.8542e+08 1.3533e+08  64.9%   576 2328s
    65    67 1.3726e+08   11 7588 3.8542e+08 1.3533e+08  64.9%   511 2361s
    78    79 1.3691e+08   12 8139 3.8542e+08 1.3533e+08  64.9%   441 2385s
    91    92 1.3705e+08   13 8171 3.8542e+08 1.3533e+08  64.9%   385 2414s
   105   106 1.3751e+08   16 8184 3.8542e+08 1.3533e+08  64.9%   357 2638s
   109   109 1.3762e+08   17 8111 3.8542e+08 1.3533e+08  64.9%   347 2658s
   127   128 1.3765e+08   18 8198 3.8542e+08 1.3533e+08  64.9%   303 2688s
   145   149 1.3790e+08   20 8170 3.8542e+08 1.3533e+08  64.9%   274 2721s
   165   163 1.3831e+08   23 7588 3.8542e+08 1.3533e+08  64.9%   261 2744s
   189   191 1.3889e+08   32 7602 3.8542e+08 1.3533e+08  64.9%   234 2771s
   211   212 1.3907e+08   41 7547 3.8542e+08 1.3533e+08  64.9%   218 2795s
   237   238 1.3922e+08   51 7578 3.8542e+08 1.3533e+08  64.9%   203 2823s
   270   271 1.3955e+08   62 7533 3.8542e+08 1.3533e+08  64.9%   184 2844s
   300   300 1.3964e+08   74 7468 3.8542e+08 1.3533e+08  64.9%   169 2866s
   323   324 1.4036e+08   79 7433 3.8542e+08 1.3533e+08  64.9%   159 2885s
   364   365 1.4059e+08   90 7394 3.8542e+08 1.3533e+08  64.9%   142 2903s
   410   411 1.4081e+08  102 7307 3.8542e+08 1.3533e+08  64.9%   127 2925s
   458   459 1.4107e+08  116 7237 3.8542e+08 1.3533e+08  64.9%   115 2949s
   471   472 1.4159e+08  119 7117 3.8542e+08 1.3533e+08  64.9%   114 2972s
   494   496 1.4189e+08  125 7002 3.8542e+08 1.3533e+08  64.9%   111 3016s
   521   521 1.4204e+08  133 6935 3.8542e+08 1.3533e+08  64.9%   111 3038s
   582   583 1.4229e+08  150 6970 3.8542e+08 1.3533e+08  64.9%   100 3075s
   638   641 1.4297e+08  162 6869 3.8542e+08 1.3533e+08  64.9%  92.2 3115s
   679   679 1.4309e+08  177 6813 3.8542e+08 1.3533e+08  64.9%  93.0 3173s
   705   705 1.4481e+08  186 6756 3.8542e+08 1.3533e+08  64.9%  94.2 3205s
   753   754 1.4501e+08  193 6739 3.8542e+08 1.3533e+08  64.9%  90.1 3233s
   815   818 1.4593e+08  211 6597 3.8542e+08 1.3533e+08  64.9%  86.3 3265s
   873   872 1.4672e+08  222 6516 3.8542e+08 1.3533e+08  64.9%  84.7 3308s
   936   937 1.4742e+08  233 6377 3.8542e+08 1.3533e+08  64.9%  81.1 3401s
   956   957 1.4863e+08  238 6310 3.8542e+08 1.3533e+08  64.9%  79.7 3435s
  1010  1013 1.4928e+08  246 6237 3.8542e+08 1.3533e+08  64.9%  79.7 3467s
  1079  1078 1.5025e+08  264 6188 3.8542e+08 1.3533e+08  64.9%  77.8 3492s
  1159  1160 1.5059e+08  284 6150 3.8542e+08 1.3533e+08  64.9%  73.0 3523s
  1235  1236 1.5173e+08  304 5995 3.8542e+08 1.3533e+08  64.9%  69.7 3547s
  1315  1319 1.5269e+08  324 5886 3.8542e+08 1.3533e+08  64.9%  66.4 3589s
  1382  1382 1.5315e+08  343 5813 3.8542e+08 1.3533e+08  64.9%  67.3 3635s
  1445  1447 1.5591e+08  362 5572 3.8542e+08 1.3533e+08  64.9%  68.2 3678s
  1489  1491 1.5745e+08  369 5452 3.8542e+08 1.3533e+08  64.9%  71.0 3734s
  1545  1549 1.5776e+08  382 5292 3.8542e+08 1.3533e+08  64.9%  76.1 3785s
  1582  1580 1.5917e+08  389 5206 3.8542e+08 1.3533e+08  64.9%  81.5 4036s
  1586  1588 1.5918e+08  390 5195 3.8542e+08 1.3533e+08  64.9%  81.3 4109s
  1631  1630 1.6049e+08  399 5088 3.8542e+08 1.3533e+08  64.9%  87.2 4167s
  1679  1679 1.6286e+08  410 4940 3.8542e+08 1.3533e+08  64.9%  90.1 4235s
  1712  1712 1.6330e+08  417 4925 3.8542e+08 1.3533e+08  64.9%  95.8 4325s
  1747  1750 1.6377e+08  423 4901 3.8542e+08 1.3533e+08  64.9%   105 4388s
  1804  1804 1.6670e+08  440 4749 3.8542e+08 1.3533e+08  64.9%   108 4448s
  1879  1879 1.6855e+08  454 4703 3.8542e+08 1.3533e+08  64.9%   109 4484s
  1953  1956 1.9185e+08  474 4448 3.8542e+08 1.3533e+08  64.9%   107 4535s
  2016  2016 1.8631e+08  480 4537 3.8542e+08 1.3533e+08  64.9%   110 4590s
  2077  2080 2.0660e+08  488 4319 3.8542e+08 1.3533e+08  64.9%   114 4641s
  2141  2140 2.2985e+08  501 2829 3.8542e+08 1.3533e+08  64.9%   117 4702s
  2188  2190 2.1493e+08  514 4195 3.8542e+08 1.3533e+08  64.9%   121 4768s
  2259  2261 2.1981e+08  531 4057 3.8542e+08 1.3533e+08  64.9%   123 4825s
  2316  2315 2.2628e+08  548 3844 3.8542e+08 1.3533e+08  64.9%   125 4899s
  2363  2365 2.3021e+08  560 3467 3.8542e+08 1.3533e+08  64.9%   129 4963s
  2405  2406 2.3387e+08  564 3514 3.8542e+08 1.3533e+08  64.9%   135 5023s
  2472  2472 2.5638e+08  582 3482 3.8542e+08 1.3533e+08  64.9%   136 5078s
  2525  2522 2.6661e+08  593 3381 3.8542e+08 1.3533e+08  64.9%   141 5125s
  2600  2596 2.7282e+08  612 3295 3.8542e+08 1.3533e+08  64.9%   142 5170s
  2680  2666 2.9725e+08  630 2867 3.8542e+08 1.3533e+08  64.9%   140 5226s
H 2749  2725                    3.836783e+08 1.3533e+08  64.7%   140 5567s
  2753  2730 2.9215e+08  648 3037 3.8368e+08 1.3533e+08  64.7%   140 5606s
  2833  2809 2.9224e+08  668 3023 3.8368e+08 1.3533e+08  64.7%   137 5644s
  2913  2887 2.9333e+08  685 2795 3.8368e+08 1.3533e+08  64.7%   135 5684s
  2993  2974 2.9350e+08  704 2658 3.8368e+08 1.3533e+08  64.7%   134 5772s
  3061  3034 3.1490e+08  722 1485 3.8368e+08 1.3533e+08  64.7%   136 5824s
  3125  3099 3.0601e+08  727 2722 3.8368e+08 1.3533e+08  64.7%   140 5870s
  3192  3168 3.0746e+08  747 2667 3.8368e+08 1.3533e+08  64.7%   139 5945s
  3261  3235 3.1296e+08  762 2467 3.8368e+08 1.3533e+08  64.7%   142 5991s
  3323  3298 3.1473e+08  779 2310 3.8368e+08 1.3533e+08  64.7%   144 6029s
  3383  3360 3.2060e+08  755 2264 3.8368e+08 1.3533e+08  64.7%   144 6030s
  3399  3373 3.3550e+08  796 1792 3.8368e+08 1.3533e+08  64.7%   145 6072s
  3472  3449 3.3701e+08  814 1583 3.8368e+08 1.3533e+08  64.7%   145 6106s
  3541  3518 3.3766e+08  834 1415 3.8368e+08 1.3533e+08  64.7%   144 6133s
  3621  3591 3.6373e+08  849 1138 3.8368e+08 1.3533e+08  64.7%   144 6169s
  3695  3666 3.5413e+08  865 1107 3.8368e+08 1.3533e+08  64.7%   143 6205s
  3770  3738 3.5423e+08  884  987 3.8368e+08 1.3533e+08  64.7%   143 6253s
  3846  3809 3.5450e+08  904  887 3.8368e+08 1.3533e+08  64.7%   141 6287s
  3916  3879 3.5473e+08  924  703 3.8368e+08 1.3533e+08  64.7%   140 6333s
  3982  3937 3.5536e+08  944  436 3.8368e+08 1.3533e+08  64.7%   139 6407s
  4049  4002 3.7764e+08  962  178 3.8368e+08 1.3533e+08  64.7%   139 6452s
  4117  4047 3.8303e+08  977   58 3.8368e+08 1.3597e+08  64.6%   140 6615s
  4164  4080 1.5305e+08    6 7336 3.8368e+08 1.3597e+08  64.6%   141 6721s
  4226  4126 3.0930e+08  677 9126 3.8368e+08 1.3597e+08  64.6%   141 7602s
H 4227  3920                    3.452799e+08 1.3597e+08  60.6%   141 8047s
  4228  3920 2.7409e+08  542  863 3.4528e+08 1.3597e+08  60.6%   141 8529s
  4229  3921 3.1732e+08  737 1220 3.4528e+08 1.3597e+08  60.6%   141 8578s
  4230  3922 2.9256e+08  670 2087 3.4528e+08 1.3597e+08  60.6%   141 8599s
  4231  3922 2.5935e+08  488 2823 3.4528e+08 1.3597e+08  60.6%   141 8624s
  4232  3923 1.8759e+08  121 3595 3.4528e+08 1.3597e+08  60.6%   141 8656s
  4233  3924 3.4528e+08  947 3982 3.4528e+08 1.3597e+08  60.6%   141 8746s
  4234  3924 2.0239e+08  394 4482 3.4528e+08 1.3597e+08  60.6%   141 8836s
  4235  3925 1.9166e+08  351 5139 3.4528e+08 1.3597e+08  60.6%   141 8958s
  4236  3926 2.3321e+08  452 5825 3.4528e+08 1.3597e+08  60.6%   141 9158s
  4237  3926 2.7677e+08  590 6445 3.4528e+08 1.3597e+08  60.6%   141 9489s
  4238  3927 2.8506e+08  632 6911 3.4528e+08 1.3597e+08  60.6%   141 9745s
  4239  3928 1.8385e+08  131 7713 3.4528e+08 1.3597e+08  60.6%   141 9951s
  4240  3928 3.2716e+08  752 7895 3.4528e+08 1.3597e+08  60.6%   141 10408s
  4241  3929 2.7081e+08  610 8524 3.4528e+08 1.3597e+08  60.6%   141 10468s
  4242  3930 2.5954e+08  508 8640 3.4528e+08 1.3597e+08  60.6%   141 10494s
  4243  3930 2.5795e+08  585 8842 3.4528e+08 1.3597e+08  60.6%   141 10506s
  4244  3931 3.4528e+08  893 8770 3.4528e+08 1.3597e+08  60.6%   141 10962s
  4245  3932 1.9052e+08  207 9124 3.4528e+08 1.3791e+08  60.1%   141 11848s
  4246  3932 3.0930e+08  677 9545 3.4528e+08 1.3837e+08  59.9%   140 11979s
  4247  3933 2.9152e+08  612 9678 3.4528e+08 1.3839e+08  59.9%   140 12002s
  4248  3934 2.7409e+08  542 9664 3.4528e+08 1.3840e+08  59.9%   140 12635s
  4249  3934 3.1732e+08  737 10062 3.4528e+08 1.4237e+08  58.8%   140 13825s
  4250  3935 2.9256e+08  670 10014 3.4528e+08 1.4322e+08  58.5%   140 14231s
  4251  3936 2.5935e+08  488 10148 3.4528e+08 1.4340e+08  58.5%   140 14397s
  4252  3936 1.8759e+08  121 10113 3.4528e+08 1.4341e+08  58.5%   140 14785s
  4253  3937 3.4528e+08  947 10750 3.4528e+08 1.4662e+08  57.5%   140 15850s
  4254  3938 2.0239e+08  394 10842 3.4528e+08 1.4689e+08  57.5%   140 16233s
  4255  3938 1.9166e+08  351 11167 3.4528e+08 1.4693e+08  57.4%   140 16289s
  4256  3939 2.3321e+08  452 11038 3.4528e+08 1.4696e+08  57.4%   140 16335s
  4257  3940 2.7677e+08  590 11088 3.4528e+08 1.4697e+08  57.4%   140 16798s
  4258  3940 2.8506e+08  632 12094 3.4528e+08 1.4938e+08  56.7%   140 17587s
  4259  3941 1.8385e+08  131 12152 3.4528e+08 1.4943e+08  56.7%   140 17882s
  4260  3942 3.2716e+08  752 12357 3.4528e+08 1.4944e+08  56.7%   140 18503s
  4261  3942 2.7081e+08  610 12729 3.4528e+08 1.5146e+08  56.1%   140 19709s
  4262  3943 2.5954e+08  508 12884 3.4528e+08 1.5147e+08  56.1%   140 20276s
  4263  3944 2.5795e+08  585 12652 3.4528e+08 1.5474e+08  55.2%   140 21235s
  4264  3944 3.4528e+08  893 12670 3.4528e+08 1.5475e+08  55.2%   140 21747s
  4265  3945 1.9052e+08  207 14367 3.4528e+08 1.5708e+08  54.5%   140 22928s
  4266  3946 3.0930e+08  677 14504 3.4528e+08 1.5710e+08  54.5%   140 23018s
  4267  3946 2.9152e+08  612 14640 3.4528e+08 1.5710e+08  54.5%   140 23663s
  4268  3947 2.7409e+08  542 14517 3.4528e+08 1.5928e+08  53.9%   140 24818s
  4269  3948 3.1732e+08  737 14747 3.4528e+08 1.5932e+08  53.9%   140 24881s
  4270  3948 2.9256e+08  670 14916 3.4528e+08 1.5932e+08  53.9%   140 25542s
  4271  3949 2.5935e+08  488 16104 3.4528e+08 1.6169e+08  53.2%   140 26590s
  4272  3950 1.8759e+08  121 16335 3.4528e+08 1.6170e+08  53.2%   140 27334s
  4273  3950 3.4528e+08  947 16389 3.4528e+08 1.6403e+08  52.5%   140 29020s
  4274  3951 2.0239e+08  394 16543 3.4528e+08 1.6405e+08  52.5%   140 29088s
  4275  3952 1.9166e+08  351 16615 3.4528e+08 1.6405e+08  52.5%   140 29867s
  4276  3952 2.3321e+08  452 16762 3.4528e+08 1.6643e+08  51.8%   140 31161s
  4277  3953 2.7677e+08  590 16652 3.4528e+08 1.6647e+08  51.8%   139 31214s
  4278  3954 2.8506e+08  632 16739 3.4528e+08 1.6647e+08  51.8%   139 32028s
  4279  3954 1.8385e+08  131 17331 3.4528e+08 1.6777e+08  51.4%   139 32963s
  4280  3955 3.2716e+08  752 16278 3.4528e+08 1.6910e+08  51.0%   139 33201s
  4281  3956 2.7081e+08  610 16681 3.4528e+08 1.7006e+08  50.7%   139 33406s
  4282  3956 2.5954e+08  508 17322 3.4528e+08 1.7010e+08  50.7%   139 33476s
  4283  3957 2.5795e+08  585 17528 3.4528e+08 1.7011e+08  50.7%   139 34283s
  4284  3958 3.4528e+08  893 17490 3.4528e+08 1.7013e+08  50.7%   139 34336s
  4285  3958 1.9052e+08  207 17184 3.4528e+08 1.7040e+08  50.6%   139 34406s
  4286  3959 3.0930e+08  677 17515 3.4528e+08 1.7102e+08  50.5%   139 34613s
  4287  3960 2.9152e+08  612 17710 3.4528e+08 1.7132e+08  50.4%   139 34643s
  4288  3960 2.7409e+08  542 17636 3.4528e+08 1.7133e+08  50.4%   139 34659s
  4289  3961 3.1732e+08  737 17641 3.4528e+08 1.7134e+08  50.4%   139 34695s
  4290  3962 2.9256e+08  670 17720 3.4528e+08 1.7141e+08  50.4%   139 34708s
  4291  3962 2.5935e+08  488 17695 3.4528e+08 1.7148e+08  50.3%   139 34736s
  4292  3963 1.8759e+08  121 17379 3.4528e+08 1.7160e+08  50.3%   139 34837s
  4293  3964 3.4528e+08  947 16752 3.4528e+08 1.7224e+08  50.1%   139 34919s
  4294  3964 2.0239e+08  394 17181 3.4528e+08 1.7250e+08  50.0%   139 34963s
  4295  3965 1.9166e+08  351 17138 3.4528e+08 1.7251e+08  50.0%   139 34978s
  4296  3966 2.3321e+08  452 17135 3.4528e+08 1.7252e+08  50.0%   139 35014s
  4297  3966 2.7677e+08  590 17260 3.4528e+08 1.7253e+08  50.0%   139 35033s
  4298  3967 2.8506e+08  632 17259 3.4528e+08 1.7253e+08  50.0%   139 35037s
  4300  3970 3.2716e+08  752 9126 3.4528e+08 1.7253e+08  50.0%   195 35057s
  4302  3971 2.5954e+08  508  856 3.4528e+08 1.7253e+08  50.0%   195 35118s
  4303  3972 2.5795e+08  585 1238 3.4528e+08 1.7253e+08  50.0%   195 35172s
  4304  3973 3.4528e+08  893 2077 3.4528e+08 1.7253e+08  50.0%   195 35189s
  4305  3973 1.9052e+08  207 2910 3.4528e+08 1.7253e+08  50.0%   195 35211s
  4306  3974 3.0930e+08  677 3438 3.4528e+08 1.7253e+08  50.0%   195 35241s
  4307  3975 2.9152e+08  612 3796 3.4528e+08 1.7253e+08  50.0%   195 35291s
  4308  3975 2.7409e+08  542 4759 3.4528e+08 1.7253e+08  50.0%   195 35348s
  4309  3976 3.1732e+08  737 5588 3.4528e+08 1.7253e+08  50.0%   195 35411s
  4310  3977 2.9256e+08  670 6020 3.4528e+08 1.7253e+08  50.0%   195 35560s
  4311  3977 2.5935e+08  488 6762 3.4528e+08 1.7253e+08  50.0%   195 35711s
  4312  3978 1.8759e+08  121 7186 3.4528e+08 1.7253e+08  50.0%   195 35908s
  4313  3979 3.4528e+08  947 8311 3.4528e+08 1.7253e+08  50.0%   195 36148s
  4314  3979 2.0239e+08  394 8759 3.4528e+08 1.7253e+08  50.0%   194 36388s
  4315  3980 1.9166e+08  351 9256 3.4528e+08 1.7253e+08  50.0%   194 36748s
  4316  3981 2.3321e+08  452 9756 3.4528e+08 1.7253e+08  50.0%   194 37186s
  4317  3981 2.7677e+08  590 10259 3.4528e+08 1.7253e+08  50.0%   194 37802s
  4318  3982 2.8506e+08  632 10879 3.4528e+08 1.7253e+08  50.0%   194 38036s
  4319  3983 1.8385e+08  131 11384 3.4528e+08 1.7253e+08  50.0%   194 38667s
  4320  3983 3.2716e+08  752 12154 3.4528e+08 1.7253e+08  50.0%   194 39127s
  4321  3984 2.7081e+08  610 12773 3.4528e+08 1.7253e+08  50.0%   194 39490s
  4322  3985 2.5954e+08  508 13429 3.4528e+08 1.7253e+08  50.0%   194 40031s
  4323  3985 2.5795e+08  585 13942 3.4528e+08 1.7253e+08  50.0%   194 40304s
  4324  3986 3.4528e+08  893 14748 3.4528e+08 1.7253e+08  50.0%   194 40565s
  4325  3987 1.9052e+08  207 15304 3.4528e+08 1.7253e+08  50.0%   194 41288s
  4326  3987 3.0930e+08  677 15493 3.4528e+08 1.7253e+08  50.0%   194 41610s
  4327  3988 2.9152e+08  612 16350 3.4528e+08 1.7253e+08  50.0%   194 41882s
  4328  3989 2.7409e+08  542 16456 3.4528e+08 1.7253e+08  50.0%   194 42062s
  4329  3989 3.1732e+08  737 17016 3.4528e+08 1.7253e+08  50.0%   194 42140s
  4330  3990 2.9256e+08  670 17290 3.4528e+08 1.7253e+08  50.0%   194 42190s
  4331  3991 2.5935e+08  488 16955 3.4528e+08 1.7253e+08  50.0%   194 42232s
  4332  3991 1.8759e+08  121 17158 3.4528e+08 1.7253e+08  50.0%   194 43254s
  4333  3992 3.4528e+08  947 17811 3.4528e+08 1.7400e+08  49.6%   194 44189s
  4334  3993 2.0239e+08  394 16866 3.4528e+08 1.7443e+08  49.5%   194 44389s
  4335  3993 1.9166e+08  351 17040 3.4528e+08 1.7445e+08  49.5%   194 44564s
  4336  3994 2.3321e+08  452 17217 3.4528e+08 1.7448e+08  49.5%   194 44602s
  4337  3995 2.7677e+08  590 17369 3.4528e+08 1.7448e+08  49.5%   193 45539s
  4338  3995 2.8506e+08  632 17423 3.4528e+08 1.7451e+08  49.5%   193 45595s
  4339  3996 1.8385e+08  131 17413 3.4528e+08 1.7473e+08  49.4%   193 45632s
  4340  3997 3.2716e+08  752 18002 3.4528e+08 1.7517e+08  49.3%   193 45795s
  4341  3997 2.7081e+08  610 17946 3.4528e+08 1.7533e+08  49.2%   193 45829s
  4342  3998 2.5954e+08  508 17949 3.4528e+08 1.7534e+08  49.2%   193 46522s
  4343  3999 2.5795e+08  585 18019 3.4528e+08 1.7535e+08  49.2%   193 46573s
  4344  3999 3.4528e+08  893 17961 3.4528e+08 1.7543e+08  49.2%   193 46598s
  4345  4000 1.9052e+08  207 16684 3.4528e+08 1.7570e+08  49.1%   193 46804s
  4346  4001 3.0930e+08  677 17027 3.4528e+08 1.7683e+08  48.8%   193 46973s
  4347  4001 2.9152e+08  612 17087 3.4528e+08 1.7709e+08  48.7%   193 47160s
  4348  4002 2.7409e+08  542 17009 3.4528e+08 1.7723e+08  48.7%   193 47209s
  4349  4003 3.1732e+08  737 16223 3.4528e+08 1.7730e+08  48.6%   193 47317s
  4350  4003 2.9256e+08  670 16229 3.4528e+08 1.7750e+08  48.6%   193 47456s
  4351  4004 2.5935e+08  488 16301 3.4528e+08 1.7753e+08  48.6%   193 47512s
  4352  4005 1.8759e+08  121 16415 3.4528e+08 1.7753e+08  48.6%   193 48240s
  4353  4005 3.4528e+08  947 16553 3.4528e+08 1.7759e+08  48.6%   193 49094s
  4354  4006 2.0239e+08  394 16520 3.4528e+08 1.7797e+08  48.5%   193 49157s
  4355  4007 1.9166e+08  351 15936 3.4528e+08 1.7840e+08  48.3%   193 49360s
  4356  4007 2.3321e+08  452 16498 3.4528e+08 1.7916e+08  48.1%   193 49467s
  4357  4008 2.7677e+08  590 16379 3.4528e+08 1.7919e+08  48.1%   193 49481s
  4358  4009 2.8506e+08  632 16471 3.4528e+08 1.7919e+08  48.1%   193 50283s
  4359  4009 1.8385e+08  131 16806 3.4528e+08 1.7920e+08  48.1%   192 50340s
  4360  4010 3.2716e+08  752 16798 3.4528e+08 1.7956e+08  48.0%   192 50617s
  4361  4011 2.7081e+08  610 17095 3.4528e+08 1.7981e+08  47.9%   192 50679s
  4362  4011 2.5954e+08  508 17091 3.4528e+08 1.7987e+08  47.9%   192 50693s
  4363  4012 2.5795e+08  585 17036 3.4528e+08 1.7987e+08  47.9%   192 51264s
  4364  4013 3.4528e+08  893 17034 3.4528e+08 1.7987e+08  47.9%   192 51269s
  4365  4013 1.9052e+08  207 17034 3.4528e+08 1.7987e+08  47.9%   192 51752s
  4366  4017 1.7988e+08   24 17037 3.4528e+08 1.7988e+08  47.9%   238 52593s
  4368  4020 1.7988e+08   25 16998 3.4528e+08 1.7988e+08  47.9%   239 53205s
  4372  4023 1.7988e+08   26 16975 3.4528e+08 1.7988e+08  47.9%   241 53224s
  4376  4026 1.9952e+08   26 13919 3.4528e+08 1.7988e+08  47.9%   242 53726s
  4380  4028 1.7989e+08   27 16964 3.4528e+08 1.7989e+08  47.9%   243 53783s
  4384  4030 1.9891e+08   27 14209 3.4528e+08 1.7989e+08  47.9%   243 54032s
  4388  4035 1.7989e+08   28 16953 3.4528e+08 1.7989e+08  47.9%   244 54148s
  4395  4033 2.0118e+08   28 15081 3.4528e+08 1.7989e+08  47.9%   246 55024s
  4399  4039 1.7991e+08   29 16927 3.4528e+08 1.7991e+08  47.9%   246 55303s
  4405  4040 1.7993e+08   30 16835 3.4528e+08 1.7993e+08  47.9%   248 55546s
  4413  4047 1.9654e+08   30 13480 3.4528e+08 1.7993e+08  47.9%   251 55775s
  4421  4051 1.7996e+08   31 16632 3.4528e+08 1.7996e+08  47.9%   253 56579s
  4429  4057 1.9719e+08   31 13621 3.4528e+08 1.7996e+08  47.9%   256 56837s
  4437  4063 1.7998e+08   32 16583 3.4528e+08 1.7998e+08  47.9%   256 57041s
  4446  4068 1.7998e+08   33 16540 3.4528e+08 1.7998e+08  47.9%   258 57287s
  4457  4075 1.8011e+08   34 16419 3.4528e+08 1.8011e+08  47.8%   261 57438s
  4467  4083 1.9747e+08   34 10959 3.4528e+08 1.8011e+08  47.8%   263 58569s
  4478  4090 1.8011e+08   35 16422 3.4528e+08 1.8011e+08  47.8%   264 58828s
  4490  4098 1.8012e+08   36 16422 3.4528e+08 1.8012e+08  47.8%   266 59126s
  4503  4106 1.8012e+08   37 16420 3.4528e+08 1.8012e+08  47.8%   268 59428s
  4518  4115 1.8014e+08   38 16431 3.4528e+08 1.8014e+08  47.8%   270 59886s
  4535  4130 1.8020e+08   39 16442 3.4528e+08 1.8020e+08  47.8%   273 60658s
  4553  4140 1.8025e+08   40 16463 3.4528e+08 1.8025e+08  47.8%   276 61042s
  4569  4150 1.8028e+08   41 16449 3.4528e+08 1.8028e+08  47.8%   278 61641s
  4586  4163 1.8029e+08   42 16428 3.4528e+08 1.8029e+08  47.8%   281 62173s
  4604  4173 1.8030e+08   43 16421 3.4528e+08 1.8030e+08  47.8%   285 62563s
  4622  4185 1.8033e+08   44 16390 3.4528e+08 1.8031e+08  47.8%   287 62892s
  4640  4201 1.8921e+08   44 10729 3.4528e+08 1.8033e+08  47.8%   289 63490s

Cutting planes:
  Gomory: 38
  Cover: 9392
  Clique: 10373
  MIR: 2213
  StrongCG: 7
  Flow cover: 665
  Zero half: 8

Explored 4651 nodes (1462041 simplex iterations) in 64429.29 seconds
Thread count was 8 (of 8 available processors)

Solution count 6: 3.4528e+08 

Solve interrupted (error code 10001)
Best objective 3.452798815924e+08, best bound 1.803259450000e+08, gap 47.7740%

Gurobi 7.5.2 (win64, Python) logging started 04/13/18 08:29:02

Academic license - for non-commercial use only
Optimize a model with 3270672 rows, 2089788 columns and 7446632 nonzeros
Variable types: 0 continuous, 2089788 integer (0 binary)
Coefficient statistics:
  Matrix range     [1e+00, 1e+00]
  Objective range  [3e-04, 2e+07]
  Bounds range     [1e+00, 1e+00]
  RHS range        [1e+00, 1e+00]
Found heuristic solution: objective 1.862025e+10
Presolve removed 1179980 rows and 0 columns (presolve time = 5s) ...
Presolve removed 1179980 rows and 0 columns (presolve time = 12s) ...
Presolve removed 1179980 rows and 0 columns (presolve time = 17s) ...
Presolve removed 1179980 rows and 0 columns (presolve time = 20s) ...
Presolve removed 1179980 rows and 0 columns (presolve time = 25s) ...
Presolve removed 1179980 rows and 0 columns (presolve time = 56s) ...
Presolve removed 1179980 rows and 0 columns (presolve time = 62s) ...
Presolve removed 1179980 rows and 0 columns
Presolve time: 62.43s
Presolved: 2090692 rows, 2089788 columns, 6266652 nonzeros
Variable types: 0 continuous, 2089788 integer (2089788 binary)

Root simplex log...

Iteration    Objective       Primal Inf.    Dual Inf.      Time
       0    0.0000000e+00   1.808000e+03   0.000000e+00     75s
   26559    6.9903401e+05   1.808000e+03   0.000000e+00    103s
   53118    9.8183828e+05   1.808000e+03   0.000000e+00    131s
   79677    1.2130913e+06   1.808000e+03   0.000000e+00    161s
  106236    1.5723355e+06   1.808000e+03   0.000000e+00    201s
  132795    1.8252138e+06   1.808000e+03   0.000000e+00    236s
  159354    2.0435514e+06   1.808000e+03   0.000000e+00    272s
  185913    2.5972583e+06   1.808000e+03   0.000000e+00    306s
  212472    3.0708867e+06   1.808000e+03   0.000000e+00    338s
  239031    3.6467120e+06   1.808000e+03   0.000000e+00    369s
  265590    4.1729524e+06   1.808000e+03   0.000000e+00    401s
  292149    4.6908045e+06   1.808000e+03   0.000000e+00    434s
  318708    5.2099306e+06   1.808000e+03   0.000000e+00    469s
  345267    5.7937448e+06   1.808000e+03   0.000000e+00    504s
  371826    6.2566930e+06   1.808000e+03   0.000000e+00    538s
  398385    6.6664665e+06   1.808000e+03   0.000000e+00    577s
  424944    7.0340456e+06   1.808000e+03   0.000000e+00    620s
  451503    7.3925260e+06   1.808000e+03   0.000000e+00    638s
  478062    7.7567533e+06   1.808000e+03   0.000000e+00    653s
  504621    8.1660385e+06   1.808000e+03   0.000000e+00    666s
  531180    9.1299614e+06   1.808000e+03   0.000000e+00    681s
  557739    9.8314918e+06   1.808000e+03   0.000000e+00    701s
  584298    1.0512804e+07   1.808000e+03   0.000000e+00    717s
  610857    1.1113894e+07   1.808000e+03   0.000000e+00    732s
  637416    1.1651504e+07   1.808000e+03   0.000000e+00    745s
  663975    1.2263383e+07   1.808000e+03   0.000000e+00    758s
  690534    1.2845196e+07   1.808000e+03   0.000000e+00    771s
  717093    1.3522421e+07   1.808000e+03   0.000000e+00    785s
  743652    1.4184300e+07   1.808000e+03   0.000000e+00    801s
  770211    1.4994437e+07   1.808000e+03   0.000000e+00    815s
  796770    1.5731888e+07   1.808000e+03   0.000000e+00    839s
  823329    1.6423619e+07   1.808000e+03   0.000000e+00    858s
  849888    1.7145839e+07   1.808000e+03   0.000000e+00    878s
  876447    1.7692102e+07   1.808000e+03   0.000000e+00    897s
  903006    1.8339261e+07   1.808000e+03   0.000000e+00    915s
  929565    1.8868072e+07   1.808000e+03   0.000000e+00    934s
  956124    1.9439226e+07   1.808000e+03   0.000000e+00    952s
  982683    1.9973793e+07   1.808000e+03   0.000000e+00    970s
 1009242    2.0454277e+07   1.808000e+03   0.000000e+00    986s
 1035801    2.0894014e+07   1.808000e+03   0.000000e+00   1003s
 1062360    2.1384180e+07   1.808000e+03   0.000000e+00   1027s
 1088919    2.1850330e+07   1.808000e+03   0.000000e+00   1046s
 1115478    2.2392737e+07   1.808000e+03   0.000000e+00   1065s
 1142037    2.2929364e+07   1.808000e+03   0.000000e+00   1082s
 1168596    2.3507721e+07   1.808000e+03   0.000000e+00   1098s
 1195155    2.4110244e+07   1.808000e+03   0.000000e+00   1117s
 1221714    2.4621465e+07   1.808000e+03   0.000000e+00   1138s
 1248273    2.5161030e+07   1.808000e+03   0.000000e+00   1157s
 1274832    2.5728675e+07   1.808000e+03   0.000000e+00   1176s
 1280915    2.5813610e+07   5.370000e+02   0.000000e+00   1180s
 1287054    2.5861591e+07   7.470000e+02   0.000000e+00   1186s
 1291665    2.5893612e+07   7.470000e+02   0.000000e+00   1190s
 1297658    2.5927379e+07   5.270000e+02   0.000000e+00   1196s
 1302455    2.5958181e+07   5.270000e+02   0.000000e+00   1201s
 1306834    2.5981649e+07   5.250000e+02   0.000000e+00   1205s
 1313728    2.6040871e+07   7.450000e+02   0.000000e+00   1211s
 1319443    2.6084227e+07   7.450000e+02   0.000000e+00   1217s
 1324208    2.6112925e+07   7.450000e+02   0.000000e+00   1222s
 1337406    2.6305461e+07   6.800000e+02   0.000000e+00   1244s
 1350235    2.6526302e+07   8.560000e+02   0.000000e+00   1264s
 1363064    2.6969161e+07   8.120000e+02   0.000000e+00   1276s
 1375893    2.7915418e+07   7.930000e+02   0.000000e+00   1290s
 1388722    2.8579033e+07   8.490000e+02   0.000000e+00   1305s
 1401551    2.9619447e+07   1.053000e+03   0.000000e+00   1332s
 1414380    2.9736126e+07   9.750000e+02   0.000000e+00   1348s
 1427209    2.9809576e+07   7.430000e+02   0.000000e+00   1369s
 1440038    3.0297153e+07   3.350000e+02   0.000000e+00   1402s
 1452867    3.0361144e+07   3.120000e+02   0.000000e+00   1446s
 1456258    3.0511533e+07   5.440000e+02   0.000000e+00   1454s
 1459724    3.0642904e+07   8.660000e+02   0.000000e+00   1463s
 1464309    3.0674044e+07   5.330000e+02   0.000000e+00   1479s
 1470764    3.0690779e+07   2.740000e+02   0.000000e+00   1503s
 1471924    3.0692156e+07   8.300000e+02   0.000000e+00   1507s
 1476432    3.0724410e+07   8.210000e+02   0.000000e+00   1521s
 1480850    3.0733329e+07   4.767500e+02   0.000000e+00   1531s
 1485762    3.0822761e+07   4.600000e+02   0.000000e+00   1546s
 1498591    3.0990047e+07   7.650000e+02   0.000000e+00   1597s
 1511420    3.1101962e+07   7.340000e+02   0.000000e+00   1652s
 1519646    3.1277200e+07   7.810000e+02   0.000000e+00   1679s
 1530707    3.1336495e+07   7.140000e+02   0.000000e+00   1717s
 1536658    3.1417883e+07   7.680000e+02   0.000000e+00   1735s
 1543124    3.1450625e+07   2.620000e+02   0.000000e+00   1757s
 1544890    3.1460687e+07   7.060000e+02   0.000000e+00   1764s
 1550701    3.1470493e+07   6.360000e+02   0.000000e+00   1789s
 1553324    3.1477747e+07   7.410000e+02   0.000000e+00   1795s
 1556466    3.1479985e+07   1.944000e+03   0.000000e+00   1804s
 1557165    3.1480769e+07   1.617500e+02   0.000000e+00   1805s
 1559059    3.1481732e+07   2.086250e+02   0.000000e+00   1810s
 1562013    3.1490553e+07   1.477500e+02   0.000000e+00   1817s
 1563434    3.1494404e+07   1.228000e+02   0.000000e+00   1823s
 1565103    3.1497796e+07   6.020000e+02   0.000000e+00   1830s
 1567780    3.1513183e+07   6.640000e+02   0.000000e+00   1840s
 1570826    3.1514841e+07   1.508889e+02   0.000000e+00   1849s
 1572386    3.1525319e+07   5.550000e+02   0.000000e+00   1855s
 1573364    3.1535464e+07   5.500000e+02   0.000000e+00   1858s
 1577202    3.1543634e+07   5.660000e+02   0.000000e+00   1876s
 1578214    3.1550467e+07   5.640000e+02   0.000000e+00   1880s
 1583174    3.1557253e+07   5.480000e+02   0.000000e+00   1907s
 1585532    3.1589261e+07   1.165000e+02   0.000000e+00   1918s
 1587212    3.1591126e+07   2.108000e+02   0.000000e+00   1926s
 1590113    3.1595551e+07   1.191000e+02   0.000000e+00   1938s
 1592479    3.1604018e+07   5.460000e+02   0.000000e+00   1947s
 1594335    3.1623694e+07   5.590000e+02   0.000000e+00   1956s
 1598397    3.1682566e+07   3.335000e+02   0.000000e+00   1979s
 1601180    3.1686179e+07   2.795000e+02   0.000000e+00   1992s
 1606394    3.1728053e+07   5.210000e+02   0.000000e+00   2009s
 1612444    3.1807510e+07   4.600000e+02   0.000000e+00   2033s
 1615291    3.1813230e+07   1.827778e+02   0.000000e+00   2050s
 1617793    3.1814736e+07   8.626923e+01   0.000000e+00   2062s
 1618492    3.1817572e+07   1.880000e+02   0.000000e+00   2066s
 1621862    3.1821930e+07   8.688462e+01   0.000000e+00   2085s
 1622836    3.1823347e+07   9.723077e+01   0.000000e+00   2090s
 1624119    3.1823645e+07   8.223077e+01   0.000000e+00   2097s
 1626209    3.1831163e+07   1.593636e+02   0.000000e+00   2109s
 1629182    3.1837458e+07   5.830000e+02   0.000000e+00   2129s
 1630519    3.1841828e+07   8.561538e+01   0.000000e+00   2138s
 1632077    3.1844098e+07   9.215385e+01   0.000000e+00   2148s
 1632776    3.1849035e+07   1.276364e+02   0.000000e+00   2153s
 1634882    3.1865800e+07   5.820000e+02   0.000000e+00   2167s
 1639437    3.1904426e+07   7.506250e+01   0.000000e+00   2191s
 1640136    3.1905746e+07   8.169231e+01   0.000000e+00   2196s
 1641843    3.1906666e+07   8.211765e+01   0.000000e+00   2207s
 1644671    3.1907449e+07   7.923077e+01   0.000000e+00   2217s
 1650824    3.2028296e+07   5.330000e+02   0.000000e+00   2258s
 1656776    3.2096044e+07   1.260714e+02   0.000000e+00   2292s
 1657475    3.2099603e+07   1.098846e+02   0.000000e+00   2297s
 1658174    3.2106345e+07   1.254286e+02   0.000000e+00   2301s
 1662981    3.2141264e+07   6.950000e+02   0.000000e+00   2331s
 1665101    3.2295245e+07   1.444800e+02   0.000000e+00   2344s
 1666504    3.2299857e+07   1.119600e+02   0.000000e+00   2354s
 1668010    3.2302129e+07   6.795000e+01   0.000000e+00   2363s
 1668821    3.2304731e+07   7.433333e+01   0.000000e+00   2369s
 1671046    3.2307034e+07   7.510526e+01   0.000000e+00   2383s
 1671745    3.2307193e+07   9.495455e+01   0.000000e+00   2389s
 1672444    3.2307266e+07   9.038462e+01   0.000000e+00   2395s
 1673798    3.2307768e+07   9.145455e+01   0.000000e+00   2405s
 1674497    3.2308364e+07   8.113636e+01   0.000000e+00   2411s
 1675196    3.2308492e+07   7.105263e+01   0.000000e+00   2416s
 1675895    3.2308590e+07   9.257143e+01   0.000000e+00   2421s
 1676594    3.2308770e+07   9.235714e+01   0.000000e+00   2427s
 1677293    3.2309563e+07   1.187143e+02   0.000000e+00   2432s
 1679214    3.2310255e+07   8.140909e+01   0.000000e+00   2447s
 1680083    3.2310573e+07   5.071429e+01   0.000000e+00   2454s
 1683010    3.2310791e+07   6.090000e+01   0.000000e+00   2477s
 1683709    3.2310827e+07   5.047619e+01   0.000000e+00   2483s
 1684408    3.2310928e+07   9.135714e+01   0.000000e+00   2488s
 1685845    3.2311063e+07   6.105000e+01   0.000000e+00   2498s
 1686625    3.2311213e+07   7.424000e+01   0.000000e+00   2504s
 1687324    3.2311439e+07   6.150000e+02   0.000000e+00   2510s
 1692751    3.2313513e+07   6.710000e+02   0.000000e+00   2545s
 1694306    3.2314411e+07   6.710000e+02   0.000000e+00   2555s
 1696699    3.2330998e+07   1.472778e+02   0.000000e+00   2569s
 1697398    3.2331517e+07   7.544444e+01   0.000000e+00   2574s
 1698097    3.2331971e+07   9.113636e+01   0.000000e+00   2579s
 1698796    3.2332268e+07   6.670000e+02   0.000000e+00   2584s
 1699495    3.2332415e+07   7.004762e+01   0.000000e+00   2591s
 1700570    3.2332605e+07   6.928571e+01   0.000000e+00   2599s
 1701269    3.2332662e+07   5.118421e+01   0.000000e+00   2605s
 1701968    3.2332825e+07   1.820909e+02   0.000000e+00   2610s
 1702667    3.2333137e+07   2.027143e+02   0.000000e+00   2616s
 1703366    3.2333452e+07   6.615000e+01   0.000000e+00   2622s
 1704192    3.2333811e+07   5.790476e+01   0.000000e+00   2629s
 1704946    3.2333879e+07   5.790476e+01   0.000000e+00   2635s
 1706355    3.2333885e+07   5.230000e+02   0.000000e+00   2646s
 1707054    3.2333929e+07   4.765000e+01   0.000000e+00   2651s
 1708477    3.2334356e+07   6.040000e+02   0.000000e+00   2662s
 1709176    3.2334542e+07   4.730000e+01   0.000000e+00   2668s
 1709875    3.2335000e+07   4.720000e+01   0.000000e+00   2674s
 1711092    3.2340546e+07   6.668182e+01   0.000000e+00   2683s
 1712273    3.2341978e+07   5.505000e+02   0.000000e+00   2693s
 1713897    3.2351799e+07   1.070000e+02   0.000000e+00   2706s
 1715333    3.2355256e+07   1.010000e+02   0.000000e+00   2715s
 1716292    3.2356752e+07   4.940000e+02   0.000000e+00   2723s
 1717421    3.2358369e+07   7.486364e+01   0.000000e+00   2732s
 1718120    3.2358787e+07   1.096250e+02   0.000000e+00   2738s
 1718819    3.2359503e+07   5.560000e+02   0.000000e+00   2743s
 1719518    3.2360956e+07   2.500000e+02   0.000000e+00   2748s
 1720217    3.2361431e+07   1.125625e+02   0.000000e+00   2754s
 1720916    3.2361640e+07   1.365263e+02   0.000000e+00   2759s
 1723675    3.2362667e+07   1.216842e+02   0.000000e+00   2781s
 1724374    3.2365075e+07   1.638947e+02   0.000000e+00   2787s
 1725073    3.2365897e+07   1.046667e+02   0.000000e+00   2793s
 1725839    3.2366007e+07   9.966667e+01   0.000000e+00   2800s
 1726538    3.2366146e+07   1.279286e+02   0.000000e+00   2805s
 1727237    3.2366338e+07   1.467273e+02   0.000000e+00   2811s
 1727936    3.2366877e+07   6.582353e+01   0.000000e+00   2816s
 1728635    3.2370482e+07   5.050000e+02   0.000000e+00   2823s
 1732212    3.2373412e+07   5.010000e+02   0.000000e+00   2849s
 1735335    3.2375157e+07   1.845000e+02   0.000000e+00   2879s
 1736034    3.2375230e+07   2.485714e+02   0.000000e+00   2887s
 1736733    3.2375374e+07   4.406250e+01   0.000000e+00   2894s
 1737432    3.2375430e+07   7.422727e+01   0.000000e+00   2902s
 1738131    3.2375553e+07   7.289474e+01   0.000000e+00   2909s
 1738830    3.2375617e+07   5.300000e+02   0.000000e+00   2916s
 1739822    3.2376628e+07   5.300000e+02   0.000000e+00   2927s
 1740521    3.2376679e+07   5.890476e+01   0.000000e+00   2932s
 1741220    3.2377094e+07   8.591304e+01   0.000000e+00   2941s
 1741919    3.2377243e+07   6.684615e+01   0.000000e+00   2949s
 1743242    3.2377333e+07   6.140000e+01   0.000000e+00   2959s
 1743989    3.2377418e+07   1.634286e+02   0.000000e+00   2965s
 1744688    3.2377524e+07   4.322727e+01   0.000000e+00   2971s
 1746374    3.2377990e+07   5.205000e+01   0.000000e+00   2984s
 1748365    3.2378315e+07   5.931818e+01   0.000000e+00   3001s
 1749213    3.2378771e+07   5.931818e+01   0.000000e+00   3008s
 1751202    3.2379394e+07   5.055000e+01   0.000000e+00   3026s
 1754376    3.2380376e+07   1.215000e+02   0.000000e+00   3056s
 1756476    3.2380836e+07   4.814516e+01   0.000000e+00   3079s
 1757293    3.2380952e+07   2.943333e+02   0.000000e+00   3087s
 1757992    3.2381485e+07   2.900000e+02   0.000000e+00   3095s
 1758691    3.2382894e+07   9.830435e+01   0.000000e+00   3104s
 1759439    3.2383164e+07   2.957000e+03   0.000000e+00   3112s
 1760138    3.2384090e+07   6.642857e+01   0.000000e+00   3118s
 1761788    3.2384304e+07   9.565625e+01   0.000000e+00   3134s
 1762487    3.2384602e+07   5.230000e+02   0.000000e+00   3141s
 1763186    3.2388777e+07   4.880000e+02   0.000000e+00   3149s
 1764739    3.2390255e+07   4.252174e+01   0.000000e+00   3161s
 1767754    3.2392465e+07   4.950000e+01   0.000000e+00   3182s
 1768453    3.2397182e+07   1.606667e+02   0.000000e+00   3189s
 1769458    3.2401260e+07   6.969565e+01   0.000000e+00   3197s
 1770157    3.2402195e+07   5.422727e+01   0.000000e+00   3204s
 1770856    3.2403329e+07   5.907143e+01   0.000000e+00   3212s
 1771555    3.2408375e+07   4.804000e+01   0.000000e+00   3219s
 1772591    3.2409214e+07   6.143478e+01   0.000000e+00   3231s
 1774502    3.2415412e+07   2.480000e+02   0.000000e+00   3251s
 1777279    3.2446854e+07   3.650000e+01   0.000000e+00   3278s
 1779104    3.2466553e+07   9.795000e+01   0.000000e+00   3298s
 1780303    3.2466739e+07   7.493421e+01   0.000000e+00   3312s
 1781002    3.2466848e+07   7.487500e+01   0.000000e+00   3322s
 1786483    3.2497922e+07   1.801500e+03   0.000000e+00   3393s
 1792196    3.2511688e+07   1.482500e+02   0.000000e+00   3474s
 1794056    3.2512527e+07   1.042000e+02   0.000000e+00   3498s
 1794804    3.2512614e+07   1.028000e+02   0.000000e+00   3509s
 1795503    3.2512650e+07   1.551667e+02   0.000000e+00   3519s
 1797258    3.2512848e+07   2.327500e+02   0.000000e+00   3545s
 1797957    3.2512926e+07   5.300000e+02   0.000000e+00   3557s
 1798656    3.2513519e+07   2.726667e+02   0.000000e+00   3567s
 1799746    3.2514099e+07   2.706667e+02   0.000000e+00   3582s
 1800784    3.2514845e+07   2.420000e+02   0.000000e+00   3596s
 1802970    3.2515513e+07   3.562500e+02   0.000000e+00   3629s
 1804162    3.2516261e+07   2.486667e+02   0.000000e+00   3647s
 1805703    3.2517893e+07   1.730000e+02   0.000000e+00   3669s
 1808724    3.2519210e+07   1.555000e+02   0.000000e+00   3714s
 1809721    3.2521390e+07   5.054717e+01   0.000000e+00   3730s
 1810420    3.2523400e+07   8.397826e+01   0.000000e+00   3739s
 1811119    3.2523463e+07   7.167857e+01   0.000000e+00   3751s
 1811818    3.2523538e+07   1.696923e+02   0.000000e+00   3762s
 1812517    3.2523608e+07   8.558696e+01   0.000000e+00   3773s
 1813216    3.2523840e+07   8.129032e+01   0.000000e+00   3786s
 1813915    3.2524273e+07   1.018966e+02   0.000000e+00   3797s
 1814614    3.2524361e+07   2.436000e+02   0.000000e+00   3807s
 1815313    3.2524399e+07   5.854545e+01   0.000000e+00   3817s
 1816012    3.2524453e+07   1.420909e+02   0.000000e+00   3828s
 1816711    3.2524514e+07   5.060714e+01   0.000000e+00   3839s
 1817410    3.2524790e+07   4.181250e+01   0.000000e+00   3850s
 1818109    3.2524923e+07   4.183333e+01   0.000000e+00   3861s
 1818808    3.2524991e+07   4.206667e+01   0.000000e+00   3871s
 1819507    3.2525061e+07   4.706250e+01   0.000000e+00   3881s
 1820355    3.2525105e+07   4.333333e+01   0.000000e+00   3894s
 1821054    3.2525146e+07   4.123333e+01   0.000000e+00   3905s
 1822339    3.2525822e+07   2.900000e+02   0.000000e+00   3925s
 1823161    3.2526559e+07   9.226923e+01   0.000000e+00   3936s
 1823860    3.2526747e+07   3.590625e+01   0.000000e+00   3947s
 1824559    3.2526807e+07   4.478571e+01   0.000000e+00   3959s
 1825258    3.2526859e+07   5.760000e+01   0.000000e+00   3969s
 1825957    3.2526918e+07   4.074074e+01   0.000000e+00   3981s
 1826656    3.2527481e+07   3.944444e+01   0.000000e+00   3993s
 1827460    3.2527844e+07   3.886486e+01   0.000000e+00   4008s
 1828159    3.2527983e+07   5.811538e+01   0.000000e+00   4020s
 1829716    3.2528178e+07   3.853571e+01   0.000000e+00   4043s
 1830415    3.2528849e+07   3.801515e+01   0.000000e+00   4055s
 1831114    3.2528975e+07   4.392857e+01   0.000000e+00   4066s
 1832180    3.2529321e+07   5.952941e+01   0.000000e+00   4086s
 1833699    3.2529403e+07   3.941935e+01   0.000000e+00   4112s
 1834398    3.2529476e+07   3.200000e+01   0.000000e+00   4124s
 1837984    3.2529824e+07   2.926000e+03   0.000000e+00   4179s
 1838754    3.2530368e+07   2.675862e+01   0.000000e+00   4191s
 1839453    3.2530684e+07   3.542857e+01   0.000000e+00   4201s
 1840152    3.2530975e+07   1.852500e+02   0.000000e+00   4213s
 1840851    3.2531060e+07   2.400000e+01   0.000000e+00   4226s
 1841550    3.2531598e+07   2.316667e+01   0.000000e+00   4237s
 1845901    3.2533923e+07   6.540000e+02   0.000000e+00   4298s
 1847361    3.2536419e+07   2.636667e+02   0.000000e+00   4318s
 1848159    3.2556864e+07   2.783784e+01   0.000000e+00   4328s
 1848858    3.2557222e+07   2.442500e+01   0.000000e+00   4338s
 1849557    3.2557324e+07   1.429730e+01   0.000000e+00   4348s
 1850256    3.2557579e+07   1.275676e+01   0.000000e+00   4357s
 1851656    3.2562091e+07   7.809615e+01   0.000000e+00   4377s
 1852355    3.2562340e+07   2.300000e+01   0.000000e+00   4386s
 1853054    3.2562742e+07   1.032333e+03   0.000000e+00   4396s
 1854828    3.2567617e+07   2.633333e+02   0.000000e+00   4419s
 1855527    3.2568278e+07   3.456667e+01   0.000000e+00   4429s
 1856226    3.2568366e+07   2.258571e+02   0.000000e+00   4439s
 1856925    3.2568425e+07   1.718421e+01   0.000000e+00   4451s
 1857624    3.2568487e+07   1.428862e+01   0.000000e+00   4462s
 1858323    3.2569258e+07   1.695098e+01   0.000000e+00   4472s
 1859022    3.2569344e+07   2.274219e+01   0.000000e+00   4483s
 1860334    3.2569637e+07   2.215625e+01   0.000000e+00   4506s
 1864617    3.2569961e+07   1.746875e+01   0.000000e+00   4568s
 1866579    3.2570259e+07   3.231250e+01   0.000000e+00   4597s
 1867278    3.2570406e+07   2.035135e+01   0.000000e+00   4609s
 1868078    3.2570511e+07   1.859459e+01   0.000000e+00   4622s
 1869622    3.2571928e+07   3.540000e+02   0.000000e+00   4642s
 1870539    3.2572548e+07   1.389189e+01   0.000000e+00   4655s
 1872973    3.2572672e+07   5.810811e+00   0.000000e+00   4687s
 1873672    3.2572805e+07   3.552632e+00   0.000000e+00   4699s
 1877530    3.2573413e+07   4.125000e+00   0.000000e+00   4743s
 1878229    3.2573628e+07   2.105263e+00   0.000000e+00   4754s
 1878928    3.2574039e+07   4.361345e+00   0.000000e+00   4763s
 1884396    3.2574542e+07   7.739130e-01   0.000000e+00   4845s
 1885095    3.2574581e+07   2.631579e-02   0.000000e+00   4855s
 1885124    3.2574582e+07   0.000000e+00   0.000000e+00   4856s

Root relaxation: objective 3.257458e+07, 1885124 iterations, 4783.73 seconds
Total elapsed time = 5094.87s
Total elapsed time = 5435.62s
Total elapsed time = 6321.95s
Total elapsed time = 6428.82s

    Nodes    |    Current Node    |     Objective Bounds      |     Work
 Expl Unexpl |  Obj  Depth IntInf | Incumbent    BestBd   Gap | It/Node Time

     0     0 3.2575e+07    0 29688 1.8620e+10 3.2575e+07   100%     - 6512s
H    0     0                    5.393234e+07 3.2575e+07  39.6%     - 6554s
H    0     0                    3.310184e+07 3.2575e+07  1.59%     - 7096s
     0     0 3.2839e+07    0 10667 3.3102e+07 3.2839e+07  0.79%     - 9172s
H    0     1                    3.302935e+07 3.2839e+07  0.58%     - 9428s

Cutting planes:
  Clique: 3018

Explored 1 nodes (2678146 simplex iterations) in 9429.99 seconds
Thread count was 8 (of 8 available processors)

Solution count 4: 3.30294e+07 3.31018e+07 5.39323e+07 1.86202e+10 

Optimal solution found (tolerance 1.00e-04)
Best objective 3.302935045760e+07, best bound 3.302935045760e+07, gap 0.0000%
